#
# A fatal error has been detected by the Java Runtime Environment:
#
#  EXCEPTION_ACCESS_VIOLATION (0xc0000005) at pc=0x0000000061fd3f85, pid=20108, tid=0x000000000000443c
#
# JRE version: Java(TM) SE Runtime Environment (8.0_281-b09) (build 1.8.0_281-b09)
# Java VM: Java HotSpot(TM) 64-Bit Server VM (25.281-b09 mixed mode windows-amd64 compressed oops)
# Problematic frame:
# V  [jvm.dll+0x193f85]
#
# Failed to write core dump. Minidumps are not enabled by default on client versions of Windows
#
# If you would like to submit a bug report, please visit:
#   http://bugreport.java.com/bugreport/crash.jsp
#

---------------  T H R E A D  ---------------

Current thread (0x000001e22bc6f800):  JavaThread "Thread-1" [_thread_in_native_trans, id=17468, stack(0x00000006f8300000,0x00000006f8400000)]

siginfo: ExceptionCode=0xc0000005, reading address 0xffffffffffffffff

Registers:
RAX=0x0000000000000000, RBX=0x000001e22bc6f800, RCX=0x0000000000000f80, RDX=0x00000006f83fdee0
RSP=0x00000006f83fde90, RBP=0x0000000000000000, RSI=0x00000000d5904d00, RDI=0x00000006f83fdee0
R8 =0x000001e229b25d08, R9 =0x00000000d79d5b58, R10=0x00007ff935e30771, R11=0x000001e215b22e00
R12=0x0000000000000000, R13=0x00000006f83fdfa0, R14=0x000001e22bc6f800, R15=0x000001e22bc6f800
RIP=0x0000000061fd3f85, EFLAGS=0x0000000000010246

Top of Stack: (sp=0x00000006f83fde90)
0x00000006f83fde90:   0000000000000000 000001e22bc6f800
0x00000006f83fdea0:   0000000000000000 000001e2159981d4
0x00000006f83fdeb0:   0000000000000000 000001e215aed910
0x00000006f83fdec0:   0000000000000000 00000006f83fdf20
0x00000006f83fded0:   00000000d5904de8 0000000000000003
0x00000006f83fdee0:   00000000d79ae458 000001e229ab8858
0x00000006f83fdef0:   000001e229b48ee8 000001e229ab8730
0x00000006f83fdf00:   0000000000000000 00000006f83fdf50
0x00000006f83fdf10:   00000006f83fe058 000001e215b54714
0x00000006f83fdf20:   00000006f83fdff0 000001e215b22fbc
0x00000006f83fdf30:   00000000d5904ee0 00000000d5904ee0
0x00000006f83fdf40:   00000000d79d52b0 000001e215b54714
0x00000006f83fdf50:   00000000d5904e50 000000003fe4fa58
0x00000006f83fdf60:   0000000000000003 00000000d5904de8
0x00000006f83fdf70:   00000006f83fdfd8 000001e215998100
0x00000006f83fdf80:   00000006f83fdff0 000001e215997dc0 

Instructions: (pc=0x0000000061fd3f85)
0x0000000061fd3f65:   40 38 2d 77 3f 64 00 74 07 e8 ad 04 08 00 eb 08
0x0000000061fd3f75:   48 8b cb e8 93 9e e7 ff 8b 05 cd 4a 64 00 85 c0
0x0000000061fd3f85:   75 0a 8b 43 30 a9 00 00 00 30 74 08 48 8b cb e8
0x0000000061fd3f95:   87 37 0a 00 c7 83 70 02 00 00 06 00 00 00 48 85 


Register to memory mapping:

RAX=0x0000000000000000 is an unknown value
RBX=0x000001e22bc6f800 is a thread
RCX=0x0000000000000f80 is an unknown value
RDX=0x00000006f83fdee0 is pointing into the stack for thread: 0x000001e22bc6f800
RSP=0x00000006f83fde90 is pointing into the stack for thread: 0x000001e22bc6f800
RBP=0x0000000000000000 is an unknown value
RSI=0x00000000d5904d00 is an oop
java.util.concurrent.ConcurrentHashMap$Node 
 - klass: 'java/util/concurrent/ConcurrentHashMap$Node'
RDI=0x00000006f83fdee0 is pointing into the stack for thread: 0x000001e22bc6f800
R8 =0x000001e229b25d08 is pointing into metadata
R9 =0x00000000d79d5b58 is an oop
java.lang.ref.ReferenceQueue 
 - klass: 'java/lang/ref/ReferenceQueue'
R10=0x00007ff935e30771 is an unknown value
R11=0x000001e215b22e00 is at entry_point+32 in (nmethod*)0x000001e215b22c50
R12=0x0000000000000000 is an unknown value
R13=0x00000006f83fdfa0 is pointing into the stack for thread: 0x000001e22bc6f800
R14=0x000001e22bc6f800 is a thread
R15=0x000001e22bc6f800 is a thread


Stack: [0x00000006f8300000,0x00000006f8400000],  sp=0x00000006f83fde90,  free space=1015k
Native frames: (J=compiled Java code, j=interpreted, Vv=VM code, C=native code)

Java frames: (J=compiled Java code, j=interpreted, Vv=VM code)
J 106  java.lang.Object.hashCode()I (0 bytes) @ 0x000001e215aed87b [0x000001e215aed840+0x3b]
J 200 C1 java.lang.invoke.MethodType.hashCode()I (53 bytes) @ 0x000001e215b22fbc [0x000001e215b22de0+0x1dc]
j  java.lang.invoke.MethodType$ConcurrentWeakInternSet$WeakEntry.<init>(Ljava/lang/Object;Ljava/lang/ref/ReferenceQueue;)V+8
j  java.lang.invoke.MethodType$ConcurrentWeakInternSet.add(Ljava/lang/Object;)Ljava/lang/Object;+21
J 294 C1 java.lang.invoke.MethodType.makeImpl(Ljava/lang/Class;[Ljava/lang/Class;Z)Ljava/lang/invoke/MethodType; (66 bytes) @ 0x000001e215b54714 [0x000001e215b54180+0x594]
J 523 C1 java.lang.invoke.MethodType.insertParameterTypes(I[Ljava/lang/Class;)Ljava/lang/invoke/MethodType; (106 bytes) @ 0x000001e215c0a6b4 [0x000001e215c09e80+0x834]
j  java.lang.invoke.MethodType.invokerType()Ljava/lang/invoke/MethodType;+11
j  java.lang.invoke.DirectMethodHandle.makePreparedLambdaForm(Ljava/lang/invoke/MethodType;I)Ljava/lang/invoke/LambdaForm;+313
j  java.lang.invoke.DirectMethodHandle.preparedLambdaForm(Ljava/lang/invoke/MethodType;I)Ljava/lang/invoke/LambdaForm;+17
j  java.lang.invoke.DirectMethodHandle.preparedLambdaForm(Ljava/lang/invoke/MemberName;)Ljava/lang/invoke/LambdaForm;+151
j  java.lang.invoke.DirectMethodHandle.make(BLjava/lang/Class;Ljava/lang/invoke/MemberName;)Ljava/lang/invoke/DirectMethodHandle;+137
j  java.lang.invoke.MethodHandles$Lookup.getDirectMethodCommon(BLjava/lang/Class;Ljava/lang/invoke/MemberName;ZZLjava/lang/Class;)Ljava/lang/invoke/MethodHandle;+201
j  java.lang.invoke.MethodHandles$Lookup.getDirectMethodNoSecurityManager(BLjava/lang/Class;Ljava/lang/invoke/MemberName;Ljava/lang/Class;)Ljava/lang/invoke/MethodHandle;+8
j  java.lang.invoke.MethodHandles$Lookup.getDirectMethodForConstant(BLjava/lang/Class;Ljava/lang/invoke/MemberName;)Ljava/lang/invoke/MethodHandle;+30
j  java.lang.invoke.MethodHandles$Lookup.linkMethodHandleConstant(BLjava/lang/Class;Ljava/lang/String;Ljava/lang/Object;)Ljava/lang/invoke/MethodHandle;+115
j  java.lang.invoke.MethodHandleNatives.linkMethodHandleConstant(Ljava/lang/Class;ILjava/lang/Class;Ljava/lang/String;Ljava/lang/Object;)Ljava/lang/invoke/MethodHandle;+38
v  ~StubRoutines::call_stub
j  org.eclipse.jetty.util.statistic.SampleStatistic.<init>()V+9
j  org.eclipse.jetty.server.session.SessionHandler.<init>()V+110
j  spark.embeddedserver.jetty.JettyHandler.<init>(Ljavax/servlet/Filter;)V+1
j  spark.embeddedserver.jetty.EmbeddedJettyFactory.create(Lspark/route/Routes;Lspark/staticfiles/StaticFilesConfiguration;Lspark/ExceptionMapper;Z)Lspark/embeddedserver/EmbeddedServer;+27
j  spark.embeddedserver.EmbeddedServers.create(Ljava/lang/Object;Lspark/route/Routes;Lspark/ExceptionMapper;Lspark/staticfiles/StaticFilesConfiguration;Z)Lspark/embeddedserver/EmbeddedServer;+26
j  spark.Service.lambda$init$2()V+38
j  spark.Service$$Lambda$4.run()V+4
j  java.lang.Thread.run()V+11
v  ~StubRoutines::call_stub

---------------  P R O C E S S  ---------------

Java Threads: ( => current thread )
=>0x000001e22bc6f800 JavaThread "Thread-1" [_thread_in_native_trans, id=17468, stack(0x00000006f8300000,0x00000006f8400000)]
  0x000001e22b96e800 JavaThread "Service Thread" daemon [_thread_blocked, id=20492, stack(0x00000006f8000000,0x00000006f8100000)]
  0x000001e22b8f1000 JavaThread "C1 CompilerThread2" daemon [_thread_blocked, id=1440, stack(0x00000006f7f00000,0x00000006f8000000)]
  0x000001e22b89f000 JavaThread "C2 CompilerThread1" daemon [_thread_blocked, id=19740, stack(0x00000006f7e00000,0x00000006f7f00000)]
  0x000001e22b89e000 JavaThread "C2 CompilerThread0" daemon [_thread_blocked, id=17288, stack(0x00000006f7d00000,0x00000006f7e00000)]
  0x000001e22b806000 JavaThread "Monitor Ctrl-Break" daemon [_thread_in_native, id=15808, stack(0x00000006f7c00000,0x00000006f7d00000)]
  0x000001e22a396000 JavaThread "Attach Listener" daemon [_thread_blocked, id=9816, stack(0x00000006f7b00000,0x00000006f7c00000)]
  0x000001e22a395000 JavaThread "Signal Dispatcher" daemon [_thread_blocked, id=23272, stack(0x00000006f7a00000,0x00000006f7b00000)]
  0x000001e22a36e000 JavaThread "Finalizer" daemon [_thread_blocked, id=29008, stack(0x00000006f7900000,0x00000006f7a00000)]
  0x000001e22a366800 JavaThread "Reference Handler" daemon [_thread_blocked, id=2724, stack(0x00000006f7800000,0x00000006f7900000)]
  0x000001e213f4d800 JavaThread "main" [_thread_in_Java, id=15132, stack(0x00000006f7200000,0x00000006f7300000)]

Other Threads:
  0x000001e213ff8800 VMThread [stack: 0x00000006f7700000,0x00000006f7800000] [id=12764]
  0x000001e22bab7800 WatcherThread [stack: 0x00000006f8100000,0x00000006f8200000] [id=25584]

VM state:not at safepoint (normal execution)

VM Mutex/Monitor currently owned by a thread: None

heap address: 0x0000000080a00000, size: 2038 MB, Compressed Oops mode: 32-bit
Narrow klass base: 0x0000000000000000, Narrow klass shift: 3
Compressed class space size: 1073741824 Address: 0x0000000100000000

Heap:
 PSYoungGen      total 38400K, used 6753K [0x00000000d5900000, 0x00000000d8380000, 0x0000000100000000)
  eden space 33280K, 7% used [0x00000000d5900000,0x00000000d5b7e990,0x00000000d7980000)
  from space 5120K, 82% used [0x00000000d7980000,0x00000000d7d99e30,0x00000000d7e80000)
  to   space 5120K, 0% used [0x00000000d7e80000,0x00000000d7e80000,0x00000000d8380000)
 ParOldGen       total 87552K, used 16K [0x0000000080a00000, 0x0000000085f80000, 0x00000000d5900000)
  object space 87552K, 0% used [0x0000000080a00000,0x0000000080a04000,0x0000000085f80000)
 Metaspace       used 8769K, capacity 9114K, committed 9344K, reserved 1056768K
  class space    used 997K, capacity 1067K, committed 1152K, reserved 1048576K

Card table byte_map: [0x000001e224d50000,0x000001e225150000] byte_map_base: 0x000001e22494b000

Marking Bits: (ParMarkBitMap*) 0x0000000062626ff0
 Begin Bits: [0x000001e225400000, 0x000001e2273d8000)
 End Bits:   [0x000001e2273d8000, 0x000001e2293b0000)

Polling page: 0x000001e213ee0000

CodeCache: size=245760Kb used=2982Kb max_used=2993Kb free=242777Kb
 bounds [0x000001e215990000, 0x000001e215c80000, 0x000001e224990000]
 total_blobs=999 nmethods=651 adapters=262
 compilation: enabled

Compilation events (10 events):
Event: 1.174 Thread 0x000001e22b8f1000 nmethod 634 0x000001e215c5a710 code [0x000001e215c5a880, 0x000001e215c5aa90]
Event: 1.174 Thread 0x000001e22b8f1000  635   !   3       java.lang.ref.ReferenceQueue::remove (125 bytes)
Event: 1.174 Thread 0x000001e22b8f1000 nmethod 635 0x000001e215c6f590 code [0x000001e215c6f760, 0x000001e215c70020]
Event: 1.174 Thread 0x000001e22b8f1000  637       3       java.lang.ref.Finalizer::access$100 (6 bytes)
Event: 1.174 Thread 0x000001e22b8f1000 nmethod 637 0x000001e215c70410 code [0x000001e215c70580, 0x000001e215c706f0]
Event: 1.174 Thread 0x000001e22b8f1000  638   !   3       java.lang.ref.Finalizer::runFinalizer (62 bytes)
Event: 1.175 Thread 0x000001e22b8f1000 nmethod 638 0x000001e215c707d0 code [0x000001e215c70980, 0x000001e215c71200]
Event: 1.175 Thread 0x000001e22b8f1000  639       3       java.lang.ref.Finalizer::hasBeenFinalized (14 bytes)
Event: 1.175 Thread 0x000001e22b8f1000 nmethod 639 0x000001e215c71490 code [0x000001e215c715e0, 0x000001e215c71798]
Event: 1.175 Thread 0x000001e22b8f1000  640   !   3       java.lang.ref.Finalizer::remove (94 bytes)

GC Heap History (2 events):
Event: 1.160 GC heap before
{Heap before GC invocations=1 (full 0):
 PSYoungGen      total 38400K, used 33280K [0x00000000d5900000, 0x00000000d8380000, 0x0000000100000000)
  eden space 33280K, 100% used [0x00000000d5900000,0x00000000d7980000,0x00000000d7980000)
  from space 5120K, 0% used [0x00000000d7e80000,0x00000000d7e80000,0x00000000d8380000)
  to   space 5120K, 0% used [0x00000000d7980000,0x00000000d7980000,0x00000000d7e80000)
 ParOldGen       total 87552K, used 0K [0x0000000080a00000, 0x0000000085f80000, 0x00000000d5900000)
  object space 87552K, 0% used [0x0000000080a00000,0x0000000080a00000,0x0000000085f80000)
 Metaspace       used 8578K, capacity 8922K, committed 9088K, reserved 1056768K
  class space    used 972K, capacity 1067K, committed 1152K, reserved 1048576K
Event: 1.168 GC heap after
Heap after GC invocations=1 (full 0):
 PSYoungGen      total 38400K, used 4199K [0x00000000d5900000, 0x00000000d8380000, 0x0000000100000000)
  eden space 33280K, 0% used [0x00000000d5900000,0x00000000d5900000,0x00000000d7980000)
  from space 5120K, 82% used [0x00000000d7980000,0x00000000d7d99e30,0x00000000d7e80000)
  to   space 5120K, 0% used [0x00000000d7e80000,0x00000000d7e80000,0x00000000d8380000)
 ParOldGen       total 87552K, used 16K [0x0000000080a00000, 0x0000000085f80000, 0x00000000d5900000)
  object space 87552K, 0% used [0x0000000080a00000,0x0000000080a04000,0x0000000085f80000)
 Metaspace       used 8578K, capacity 8922K, committed 9088K, reserved 1056768K
  class space    used 972K, capacity 1067K, committed 1152K, reserved 1048576K
}

Deoptimization events (3 events):
Event: 0.752 Thread 0x000001e213f4d800 Uncommon trap: reason=unstable_if action=reinterpret pc=0x000001e215b8ed88 method=sun.misc.MetaIndex.mayContain(Ljava/lang/String;)Z @ 13
Event: 0.819 Thread 0x000001e213f4d800 Uncommon trap: reason=unstable_if action=reinterpret pc=0x000001e215b85734 method=java.lang.String.indexOf([CII[CIII)I @ 3
Event: 1.132 Thread 0x000001e22bc6f800 Uncommon trap: reason=unstable_if action=reinterpret pc=0x000001e215bbe490 method=sun.misc.MetaIndex.mayContain(Ljava/lang/String;)Z @ 38

Classes redefined (0 events):
No events

Internal exceptions (9 events):
Event: 0.063 Thread 0x000001e213f4d800 Exception <a 'java/lang/NoSuchMethodError': Method sun.misc.Unsafe.defineClass(Ljava/lang/String;[BII)Ljava/lang/Class; name or signature does not match> (0x00000000d5907cc0) thrown at [C:\jenkins\workspace\8-2-build-windows-amd64-cygwin\jdk8u281\880\hots
Event: 0.063 Thread 0x000001e213f4d800 Exception <a 'java/lang/NoSuchMethodError': Method sun.misc.Unsafe.prefetchRead(Ljava/lang/Object;J)V name or signature does not match> (0x00000000d5907fa8) thrown at [C:\jenkins\workspace\8-2-build-windows-amd64-cygwin\jdk8u281\880\hotspot\src\share\vm\p
Event: 0.517 Thread 0x000001e213f4d800 Exception <a 'java/security/PrivilegedActionException'> (0x00000000d5fb7740) thrown at [C:\jenkins\workspace\8-2-build-windows-amd64-cygwin\jdk8u281\880\hotspot\src\share\vm\prims\jvm.cpp, line 1512]
Event: 0.517 Thread 0x000001e213f4d800 Exception <a 'java/security/PrivilegedActionException'> (0x00000000d5fb7950) thrown at [C:\jenkins\workspace\8-2-build-windows-amd64-cygwin\jdk8u281\880\hotspot\src\share\vm\prims\jvm.cpp, line 1512]
Event: 0.518 Thread 0x000001e213f4d800 Exception <a 'java/security/PrivilegedActionException'> (0x00000000d5fbb860) thrown at [C:\jenkins\workspace\8-2-build-windows-amd64-cygwin\jdk8u281\880\hotspot\src\share\vm\prims\jvm.cpp, line 1512]
Event: 0.518 Thread 0x000001e213f4d800 Exception <a 'java/security/PrivilegedActionException'> (0x00000000d5fbba70) thrown at [C:\jenkins\workspace\8-2-build-windows-amd64-cygwin\jdk8u281\880\hotspot\src\share\vm\prims\jvm.cpp, line 1512]
Event: 0.519 Thread 0x000001e213f4d800 Exception <a 'java/lang/NoClassDefFoundError': org/slf4j/impl/StaticLoggerBinder> (0x00000000d5fcca98) thrown at [C:\jenkins\workspace\8-2-build-windows-amd64-cygwin\jdk8u281\880\hotspot\src\share\vm\classfile\systemDictionary.cpp, line 201]
Event: 0.573 Thread 0x000001e213f4d800 Exception <a 'java/lang/NoSuchFieldError': method resolution failed> (0x00000000d613b430) thrown at [C:\jenkins\workspace\8-2-build-windows-amd64-cygwin\jdk8u281\880\hotspot\src\share\vm\prims\methodHandles.cpp, line 1169]
Event: 0.575 Thread 0x000001e213f4d800 Exception <a 'java/lang/NoSuchFieldError': method resolution failed> (0x00000000d61492d8) thrown at [C:\jenkins\workspace\8-2-build-windows-amd64-cygwin\jdk8u281\880\hotspot\src\share\vm\prims\methodHandles.cpp, line 1169]

Events (10 events):
Event: 1.174 loading class sun/text/resources/en/FormatData_en done
Event: 1.174 loading class sun/text/resources/en/FormatData_en_US
Event: 1.174 loading class sun/text/resources/en/FormatData_en_US done
Event: 1.174 loading class sun/util/locale/provider/NumberFormatProviderImpl
Event: 1.174 loading class sun/util/locale/provider/NumberFormatProviderImpl done
Event: 1.175 loading class sun/util/resources/en/CurrencyNames_en_US
Event: 1.175 loading class sun/util/resources/en/CurrencyNames_en_US done
Event: 1.175 loading class java/text/FieldPosition
Event: 1.175 loading class java/text/FieldPosition done
Event: 1.175 loading class java/text/DigitList


Dynamic libraries:
0x00007ff6b4150000 - 0x00007ff6b4197000 	C:\Program Files\Java\jdk1.8.0_281\bin\java.exe
0x00007ff954a10000 - 0x00007ff954c08000 	C:\WINDOWS\SYSTEM32\ntdll.dll
0x00007ff923a50000 - 0x00007ff923a67000 	C:\Program Files\Avast Software\Avast\aswhook.dll
0x00007ff952a70000 - 0x00007ff952b2d000 	C:\WINDOWS\System32\KERNEL32.DLL
0x00007ff952440000 - 0x00007ff952712000 	C:\WINDOWS\System32\KERNELBASE.dll
0x00007ff9536b0000 - 0x00007ff95375e000 	C:\WINDOWS\System32\ADVAPI32.dll
0x00007ff953540000 - 0x00007ff9535de000 	C:\WINDOWS\System32\msvcrt.dll
0x00007ff953db0000 - 0x00007ff953e4c000 	C:\WINDOWS\System32\sechost.dll
0x00007ff9532e0000 - 0x00007ff953405000 	C:\WINDOWS\System32\RPCRT4.dll
0x00007ff954000000 - 0x00007ff95419d000 	C:\WINDOWS\System32\USER32.dll
0x00007ff952930000 - 0x00007ff952952000 	C:\WINDOWS\System32\win32u.dll
0x00007ff952d70000 - 0x00007ff952d9b000 	C:\WINDOWS\System32\GDI32.dll
0x00007ff952330000 - 0x00007ff95243f000 	C:\WINDOWS\System32\gdi32full.dll
0x00007ff9529d0000 - 0x00007ff952a6d000 	C:\WINDOWS\System32\msvcp_win.dll
0x00007ff9521e0000 - 0x00007ff9522e0000 	C:\WINDOWS\System32\ucrtbase.dll
0x00007ff93d3f0000 - 0x00007ff93d68a000 	C:\WINDOWS\WinSxS\amd64_microsoft.windows.common-controls_6595b64144ccf1df_6.0.19041.1110_none_60b5254171f9507e\COMCTL32.dll
0x00007ff953c90000 - 0x00007ff953cc0000 	C:\WINDOWS\System32\IMM32.DLL
0x00007ff945d40000 - 0x00007ff945d55000 	C:\Program Files\Java\jdk1.8.0_281\jre\bin\vcruntime140.dll
0x00007ff90f530000 - 0x00007ff90f5cb000 	C:\Program Files\Java\jdk1.8.0_281\jre\bin\msvcp140.dll
0x0000000061e40000 - 0x000000006269f000 	C:\Program Files\Java\jdk1.8.0_281\jre\bin\server\jvm.dll
0x00007ff9531b0000 - 0x00007ff9531b8000 	C:\WINDOWS\System32\PSAPI.DLL
0x00007ff93c2c0000 - 0x00007ff93c2c9000 	C:\WINDOWS\SYSTEM32\WSOCK32.dll
0x00007ff953640000 - 0x00007ff9536ab000 	C:\WINDOWS\System32\WS2_32.dll
0x00007ff948c90000 - 0x00007ff948cb7000 	C:\WINDOWS\SYSTEM32\WINMM.dll
0x00007ff94a360000 - 0x00007ff94a36a000 	C:\WINDOWS\SYSTEM32\VERSION.dll
0x00007ff950000000 - 0x00007ff950012000 	C:\WINDOWS\SYSTEM32\kernel.appcore.dll
0x00007ff93ff40000 - 0x00007ff93ff50000 	C:\Program Files\Java\jdk1.8.0_281\jre\bin\verify.dll
0x00007ff935e20000 - 0x00007ff935e4b000 	C:\Program Files\Java\jdk1.8.0_281\jre\bin\java.dll
0x00007ff92b290000 - 0x00007ff92b2c0000 	C:\Program Files\Java\jdk1.8.0_281\jre\bin\instrument.dll
0x00007ff936f20000 - 0x00007ff936f38000 	C:\Program Files\Java\jdk1.8.0_281\jre\bin\zip.dll
0x00007ff954280000 - 0x00007ff9549c3000 	C:\WINDOWS\System32\SHELL32.dll
0x00007ff950200000 - 0x00007ff950991000 	C:\WINDOWS\SYSTEM32\windows.storage.dll
0x00007ff952e30000 - 0x00007ff953184000 	C:\WINDOWS\System32\combase.dll
0x00007ff951b30000 - 0x00007ff951b60000 	C:\WINDOWS\SYSTEM32\Wldp.dll
0x00007ff952cc0000 - 0x00007ff952d6d000 	C:\WINDOWS\System32\SHCORE.dll
0x00007ff9535e0000 - 0x00007ff953635000 	C:\WINDOWS\System32\shlwapi.dll
0x00007ff952060000 - 0x00007ff95207f000 	C:\WINDOWS\SYSTEM32\profapi.dll
0x00007ff933710000 - 0x00007ff93372a000 	C:\Program Files\JetBrains\IntelliJ IDEA Community Edition 2021.3.3\bin\breakgen64.dll
0x00007ff935d70000 - 0x00007ff935d8c000 	C:\Program Files\Java\jdk1.8.0_281\jre\bin\net.dll
0x00007ff951800000 - 0x00007ff95186a000 	C:\WINDOWS\system32\mswsock.dll
0x00007ff94d450000 - 0x00007ff94d45d000 	C:\Program Files\Java\jdk1.8.0_281\jre\bin\management.dll
0x00007ff942a90000 - 0x00007ff942c74000 	C:\WINDOWS\SYSTEM32\dbghelp.dll
0x00007ff952120000 - 0x00007ff9521a2000 	C:\WINDOWS\System32\bcryptPrimitives.dll

VM Arguments:
jvm_args: -javaagent:C:\Program Files\JetBrains\IntelliJ IDEA Community Edition 2021.3.3\lib\idea_rt.jar=56044:C:\Program Files\JetBrains\IntelliJ IDEA Community Edition 2021.3.3\bin -Dfile.encoding=UTF-8 
java_command: domain.server.Server
java_class_path (initial): C:\Program Files\Java\jdk1.8.0_281\jre\lib\charsets.jar;C:\Program Files\Java\jdk1.8.0_281\jre\lib\deploy.jar;C:\Program Files\Java\jdk1.8.0_281\jre\lib\ext\access-bridge-64.jar;C:\Program Files\Java\jdk1.8.0_281\jre\lib\ext\cldrdata.jar;C:\Program Files\Java\jdk1.8.0_281\jre\lib\ext\dnsns.jar;C:\Program Files\Java\jdk1.8.0_281\jre\lib\ext\jaccess.jar;C:\Program Files\Java\jdk1.8.0_281\jre\lib\ext\jfxrt.jar;C:\Program Files\Java\jdk1.8.0_281\jre\lib\ext\localedata.jar;C:\Program Files\Java\jdk1.8.0_281\jre\lib\ext\nashorn.jar;C:\Program Files\Java\jdk1.8.0_281\jre\lib\ext\sunec.jar;C:\Program Files\Java\jdk1.8.0_281\jre\lib\ext\sunjce_provider.jar;C:\Program Files\Java\jdk1.8.0_281\jre\lib\ext\sunmscapi.jar;C:\Program Files\Java\jdk1.8.0_281\jre\lib\ext\sunpkcs11.jar;C:\Program Files\Java\jdk1.8.0_281\jre\lib\ext\zipfs.jar;C:\Program Files\Java\jdk1.8.0_281\jre\lib\javaws.jar;C:\Program Files\Java\jdk1.8.0_281\jre\lib\jce.jar;C:\Program Files\Java\jdk1.8.0_281\jre\lib\jfr.jar;C:\Program Files\Java\jdk1.8.0_281\jre\lib\jfxswt.jar;C:\Program Files\Java\jdk1.8.0_281\jre\lib\jsse.jar;C:\Program Files\Java\jdk1.8.0_281\jre\lib\management-agent.jar;C:\Program Files\Java\jdk1.8.0_281\jre\lib\plugin.jar;C:\Program Files\Java\jdk1.8.0_281\jre\lib\resources.jar;C:\Program Files\Java\jdk1.8.0_281\jre\lib\rt.jar;C:\Users\Chicos\Desktop\UTN 2022\Diseño2022\2022-ma-ma-mama-grupo-05\Codigo\target\classes;C:\Users\Chicos\.m2\repository\org\jetbrains\annotations\23.0.0\annotations-23.0.0.jar;C:\Users\Chicos\.m2\repository\com\squareup\retrofit2\retrofit\2.8.2\retrofit-2.8.2.jar;C:\Users\Chicos\.m2\repository\com\squareup\okhttp3\okhttp\3.14.9\okhttp-3.14.9.jar;C:\Users\Chicos\.m2\repository\com\squareup\okio\okio\1.17.2\okio-1.17.2.jar;C:\Users\Chicos\.m2\repository\com\squareup\retrofit2\converter-gson\2.9.0\converter-gson-2.9.0.jar;C:\Users\Chicos\.m2\repository\com\google\code\gson\gson\2.8.5\gson-2.8.5.jar;C:\Users\Chicos\.m2\repository\org\apache\po
Launcher Type: SUN_STANDARD

Environment Variables:
PATH=C:\Program Files\Common Files\Oracle\Java\javapath;C:\Program Files (x86)\Common Files\Oracle\Java\javapath;C:\Program Files\Eclipse Foundation\jdk-8.0.302.8-hotspot\bin;C:\MinGW\bin;C:\MinGW\libexec\gcc\x86_64-w64-mingw32\10.2.0;C:\Windows\system32;C:\Windows;C:\Windows\System32\Wbem;C:\Windows\System32\WindowsPowerShell\v1.0\;C:\Windows\System32\OpenSSH\;C:\Program Files (x86)\NVIDIA Corporation\PhysX\Common;C:\WINDOWS\system32;C:\WINDOWS;C:\WINDOWS\System32\Wbem;C:\WINDOWS\System32\WindowsPowerShell\v1.0\;C:\WINDOWS\System32\OpenSSH\;C:\Program Files\swipl\bin;C:\Program Files\dotnet\;C:\Program Files\Git\cmd;C:\Program Files\nodejs\;C:\Program Files\MySQL\MySQL Shell 8.0\bin\;C:\Users\Chicos\AppData\Local\Programs\Python\Python310\Scripts\;C:\Users\Chicos\AppData\Local\Programs\Python\Python310\;C:\Users\Chicos\AppData\Roaming\local\bin;C:\Users\Chicos\AppData\Local\Microsoft\WindowsApps;C:\Users\Chicos\AppData\Local\Programs\Microsoft VS Code\bin;C:\Program Files\JetBrains\IntelliJ IDEA Community Edition 2021.3.3\bin;;C:\Program Files\apache-maven-3.8.5\bin;C:\Users\Chicos\AppData\Roaming\npm
USERNAME=Chicos
OS=Windows_NT
PROCESSOR_IDENTIFIER=AMD64 Family 23 Model 1 Stepping 1, AuthenticAMD



---------------  S Y S T E M  ---------------

OS: Windows 10.0 , 64 bit Build 19041 (10.0.19041.1889)

CPU:total 4 (initial active 4) (4 cores per cpu, 1 threads per core) family 23 model 1 stepping 1, cmov, cx8, fxsr, mmx, sse, sse2, sse3, ssse3, sse4.1, sse4.2, popcnt, avx, avx2, aes, clmul, mmxext, 3dnowpref, lzcnt, sse4a, tsc, tscinvbit, tscinv, bmi1

Memory: 4k page, physical 8340688k(1272656k free), swap 25117904k(9402488k free)

vm_info: Java HotSpot(TM) 64-Bit Server VM (25.281-b09) for windows-amd64 JRE (1.8.0_281-b09), built on Dec  9 2020 13:54:07 by "" with MS VC++ 15.9 (VS2017)

time: Tue Oct 25 00:35:55 2022
timezone: Hora estándar de Argentina
elapsed time: 1.199343 seconds (0d 0h 0m 1s)

